The system is: Linux - 4.15.0-88-generic - x86_64
Compiling the C compiler identification source file "CMakeCCompilerId.c" succeeded.
Compiler: /usr/bin/cc 
Build flags: 
Id flags:  

The output was:
0


Compilation of the C compiler identification source "CMakeCCompilerId.c" produced "a.out"

The C compiler identification is GNU, found in "/app/code/fluent-bit-1.2.0/build/CMakeFiles/3.10.2/CompilerIdC/a.out"

Compiling the CXX compiler identification source file "CMakeCXXCompilerId.cpp" succeeded.
Compiler: /usr/bin/c++ 
Build flags: 
Id flags:  

The output was:
0


Compilation of the CXX compiler identification source "CMakeCXXCompilerId.cpp" produced "a.out"

The CXX compiler identification is GNU, found in "/app/code/fluent-bit-1.2.0/build/CMakeFiles/3.10.2/CompilerIdCXX/a.out"

Determining if the C compiler works passed with the following output:
Change Dir: /app/code/fluent-bit-1.2.0/build/CMakeFiles/CMakeTmp

Run Build Command:"/usr/bin/make" "cmTC_e3294/fast"
/usr/bin/make -f CMakeFiles/cmTC_e3294.dir/build.make CMakeFiles/cmTC_e3294.dir/build
make[1]: Entering directory '/app/code/fluent-bit-1.2.0/build/CMakeFiles/CMakeTmp'
Building C object CMakeFiles/cmTC_e3294.dir/testCCompiler.c.o
/usr/bin/cc    -o CMakeFiles/cmTC_e3294.dir/testCCompiler.c.o   -c /app/code/fluent-bit-1.2.0/build/CMakeFiles/CMakeTmp/testCCompiler.c
Linking C executable cmTC_e3294
/usr/bin/cmake -E cmake_link_script CMakeFiles/cmTC_e3294.dir/link.txt --verbose=1
/usr/bin/cc      -rdynamic CMakeFiles/cmTC_e3294.dir/testCCompiler.c.o  -o cmTC_e3294 
make[1]: Leaving directory '/app/code/fluent-bit-1.2.0/build/CMakeFiles/CMakeTmp'


Detecting C compiler ABI info compiled with the following output:
Change Dir: /app/code/fluent-bit-1.2.0/build/CMakeFiles/CMakeTmp

Run Build Command:"/usr/bin/make" "cmTC_c54ce/fast"
/usr/bin/make -f CMakeFiles/cmTC_c54ce.dir/build.make CMakeFiles/cmTC_c54ce.dir/build
make[1]: Entering directory '/app/code/fluent-bit-1.2.0/build/CMakeFiles/CMakeTmp'
Building C object CMakeFiles/cmTC_c54ce.dir/CMakeCCompilerABI.c.o
/usr/bin/cc    -o CMakeFiles/cmTC_c54ce.dir/CMakeCCompilerABI.c.o   -c /usr/share/cmake-3.10/Modules/CMakeCCompilerABI.c
Linking C executable cmTC_c54ce
/usr/bin/cmake -E cmake_link_script CMakeFiles/cmTC_c54ce.dir/link.txt --verbose=1
/usr/bin/cc     -v -rdynamic CMakeFiles/cmTC_c54ce.dir/CMakeCCompilerABI.c.o  -o cmTC_c54ce 
Using built-in specs.
COLLECT_GCC=/usr/bin/cc
COLLECT_LTO_WRAPPER=/usr/lib/gcc/x86_64-linux-gnu/7/lto-wrapper
OFFLOAD_TARGET_NAMES=nvptx-none
OFFLOAD_TARGET_DEFAULT=1
Target: x86_64-linux-gnu
Configured with: ../src/configure -v --with-pkgversion='Ubuntu 7.4.0-1ubuntu1~18.04.1' --with-bugurl=file:///usr/share/doc/gcc-7/README.Bugs --enable-languages=c,ada,c++,go,brig,d,fortran,objc,obj-c++ --prefix=/usr --with-gcc-major-version-only --program-suffix=-7 --program-prefix=x86_64-linux-gnu- --enable-shared --enable-linker-build-id --libexecdir=/usr/lib --without-included-gettext --enable-threads=posix --libdir=/usr/lib --enable-nls --with-sysroot=/ --enable-clocale=gnu --enable-libstdcxx-debug --enable-libstdcxx-time=yes --with-default-libstdcxx-abi=new --enable-gnu-unique-object --disable-vtable-verify --enable-libmpx --enable-plugin --enable-default-pie --with-system-zlib --with-target-system-zlib --enable-objc-gc=auto --enable-multiarch --disable-werror --with-arch-32=i686 --with-abi=m64 --with-multilib-list=m32,m64,mx32 --enable-multilib --with-tune=generic --enable-offload-targets=nvptx-none --without-cuda-driver --enable-checking=release --build=x86_64-linux-gnu --host=x86_64-linux-gnu --target=x86_64-linux-gnu
Thread model: posix
gcc version 7.4.0 (Ubuntu 7.4.0-1ubuntu1~18.04.1) 
COMPILER_PATH=/usr/lib/gcc/x86_64-linux-gnu/7/:/usr/lib/gcc/x86_64-linux-gnu/7/:/usr/lib/gcc/x86_64-linux-gnu/:/usr/lib/gcc/x86_64-linux-gnu/7/:/usr/lib/gcc/x86_64-linux-gnu/
LIBRARY_PATH=/usr/lib/gcc/x86_64-linux-gnu/7/:/usr/lib/gcc/x86_64-linux-gnu/7/../../../x86_64-linux-gnu/:/usr/lib/gcc/x86_64-linux-gnu/7/../../../../lib/:/lib/x86_64-linux-gnu/:/lib/../lib/:/usr/lib/x86_64-linux-gnu/:/usr/lib/../lib/:/usr/lib/gcc/x86_64-linux-gnu/7/../../../:/lib/:/usr/lib/
COLLECT_GCC_OPTIONS='-v' '-rdynamic' '-o' 'cmTC_c54ce' '-mtune=generic' '-march=x86-64'
 /usr/lib/gcc/x86_64-linux-gnu/7/collect2 -plugin /usr/lib/gcc/x86_64-linux-gnu/7/liblto_plugin.so -plugin-opt=/usr/lib/gcc/x86_64-linux-gnu/7/lto-wrapper -plugin-opt=-fresolution=/tmp/ccepF9k2.res -plugin-opt=-pass-through=-lgcc -plugin-opt=-pass-through=-lgcc_s -plugin-opt=-pass-through=-lc -plugin-opt=-pass-through=-lgcc -plugin-opt=-pass-through=-lgcc_s --sysroot=/ --build-id --eh-frame-hdr -m elf_x86_64 --hash-style=gnu --as-needed -export-dynamic -dynamic-linker /lib64/ld-linux-x86-64.so.2 -pie -z now -z relro -o cmTC_c54ce /usr/lib/gcc/x86_64-linux-gnu/7/../../../x86_64-linux-gnu/Scrt1.o /usr/lib/gcc/x86_64-linux-gnu/7/../../../x86_64-linux-gnu/crti.o /usr/lib/gcc/x86_64-linux-gnu/7/crtbeginS.o -L/usr/lib/gcc/x86_64-linux-gnu/7 -L/usr/lib/gcc/x86_64-linux-gnu/7/../../../x86_64-linux-gnu -L/usr/lib/gcc/x86_64-linux-gnu/7/../../../../lib -L/lib/x86_64-linux-gnu -L/lib/../lib -L/usr/lib/x86_64-linux-gnu -L/usr/lib/../lib -L/usr/lib/gcc/x86_64-linux-gnu/7/../../.. CMakeFiles/cmTC_c54ce.dir/CMakeCCompilerABI.c.o -lgcc --push-state --as-needed -lgcc_s --pop-state -lc -lgcc --push-state --as-needed -lgcc_s --pop-state /usr/lib/gcc/x86_64-linux-gnu/7/crtendS.o /usr/lib/gcc/x86_64-linux-gnu/7/../../../x86_64-linux-gnu/crtn.o
COLLECT_GCC_OPTIONS='-v' '-rdynamic' '-o' 'cmTC_c54ce' '-mtune=generic' '-march=x86-64'
make[1]: Leaving directory '/app/code/fluent-bit-1.2.0/build/CMakeFiles/CMakeTmp'


Parsed C implicit link information from above output:
  link line regex: [^( *|.*[/\])(ld|CMAKE_LINK_STARTFILE-NOTFOUND|([^/\]+-)?ld|collect2)[^/\]*( |$)]
  ignore line: [Change Dir: /app/code/fluent-bit-1.2.0/build/CMakeFiles/CMakeTmp]
  ignore line: []
  ignore line: [Run Build Command:"/usr/bin/make" "cmTC_c54ce/fast"]
  ignore line: [/usr/bin/make -f CMakeFiles/cmTC_c54ce.dir/build.make CMakeFiles/cmTC_c54ce.dir/build]
  ignore line: [make[1]: Entering directory '/app/code/fluent-bit-1.2.0/build/CMakeFiles/CMakeTmp']
  ignore line: [Building C object CMakeFiles/cmTC_c54ce.dir/CMakeCCompilerABI.c.o]
  ignore line: [/usr/bin/cc    -o CMakeFiles/cmTC_c54ce.dir/CMakeCCompilerABI.c.o   -c /usr/share/cmake-3.10/Modules/CMakeCCompilerABI.c]
  ignore line: [Linking C executable cmTC_c54ce]
  ignore line: [/usr/bin/cmake -E cmake_link_script CMakeFiles/cmTC_c54ce.dir/link.txt --verbose=1]
  ignore line: [/usr/bin/cc     -v -rdynamic CMakeFiles/cmTC_c54ce.dir/CMakeCCompilerABI.c.o  -o cmTC_c54ce ]
  ignore line: [Using built-in specs.]
  ignore line: [COLLECT_GCC=/usr/bin/cc]
  ignore line: [COLLECT_LTO_WRAPPER=/usr/lib/gcc/x86_64-linux-gnu/7/lto-wrapper]
  ignore line: [OFFLOAD_TARGET_NAMES=nvptx-none]
  ignore line: [OFFLOAD_TARGET_DEFAULT=1]
  ignore line: [Target: x86_64-linux-gnu]
  ignore line: [Configured with: ../src/configure -v --with-pkgversion='Ubuntu 7.4.0-1ubuntu1~18.04.1' --with-bugurl=file:///usr/share/doc/gcc-7/README.Bugs --enable-languages=c,ada,c++,go,brig,d,fortran,objc,obj-c++ --prefix=/usr --with-gcc-major-version-only --program-suffix=-7 --program-prefix=x86_64-linux-gnu- --enable-shared --enable-linker-build-id --libexecdir=/usr/lib --without-included-gettext --enable-threads=posix --libdir=/usr/lib --enable-nls --with-sysroot=/ --enable-clocale=gnu --enable-libstdcxx-debug --enable-libstdcxx-time=yes --with-default-libstdcxx-abi=new --enable-gnu-unique-object --disable-vtable-verify --enable-libmpx --enable-plugin --enable-default-pie --with-system-zlib --with-target-system-zlib --enable-objc-gc=auto --enable-multiarch --disable-werror --with-arch-32=i686 --with-abi=m64 --with-multilib-list=m32,m64,mx32 --enable-multilib --with-tune=generic --enable-offload-targets=nvptx-none --without-cuda-driver --enable-checking=release --build=x86_64-linux-gnu --host=x86_64-linux-gnu --target=x86_64-linux-gnu]
  ignore line: [Thread model: posix]
  ignore line: [gcc version 7.4.0 (Ubuntu 7.4.0-1ubuntu1~18.04.1) ]
  ignore line: [COMPILER_PATH=/usr/lib/gcc/x86_64-linux-gnu/7/:/usr/lib/gcc/x86_64-linux-gnu/7/:/usr/lib/gcc/x86_64-linux-gnu/:/usr/lib/gcc/x86_64-linux-gnu/7/:/usr/lib/gcc/x86_64-linux-gnu/]
  ignore line: [LIBRARY_PATH=/usr/lib/gcc/x86_64-linux-gnu/7/:/usr/lib/gcc/x86_64-linux-gnu/7/../../../x86_64-linux-gnu/:/usr/lib/gcc/x86_64-linux-gnu/7/../../../../lib/:/lib/x86_64-linux-gnu/:/lib/../lib/:/usr/lib/x86_64-linux-gnu/:/usr/lib/../lib/:/usr/lib/gcc/x86_64-linux-gnu/7/../../../:/lib/:/usr/lib/]
  ignore line: [COLLECT_GCC_OPTIONS='-v' '-rdynamic' '-o' 'cmTC_c54ce' '-mtune=generic' '-march=x86-64']
  link line: [ /usr/lib/gcc/x86_64-linux-gnu/7/collect2 -plugin /usr/lib/gcc/x86_64-linux-gnu/7/liblto_plugin.so -plugin-opt=/usr/lib/gcc/x86_64-linux-gnu/7/lto-wrapper -plugin-opt=-fresolution=/tmp/ccepF9k2.res -plugin-opt=-pass-through=-lgcc -plugin-opt=-pass-through=-lgcc_s -plugin-opt=-pass-through=-lc -plugin-opt=-pass-through=-lgcc -plugin-opt=-pass-through=-lgcc_s --sysroot=/ --build-id --eh-frame-hdr -m elf_x86_64 --hash-style=gnu --as-needed -export-dynamic -dynamic-linker /lib64/ld-linux-x86-64.so.2 -pie -z now -z relro -o cmTC_c54ce /usr/lib/gcc/x86_64-linux-gnu/7/../../../x86_64-linux-gnu/Scrt1.o /usr/lib/gcc/x86_64-linux-gnu/7/../../../x86_64-linux-gnu/crti.o /usr/lib/gcc/x86_64-linux-gnu/7/crtbeginS.o -L/usr/lib/gcc/x86_64-linux-gnu/7 -L/usr/lib/gcc/x86_64-linux-gnu/7/../../../x86_64-linux-gnu -L/usr/lib/gcc/x86_64-linux-gnu/7/../../../../lib -L/lib/x86_64-linux-gnu -L/lib/../lib -L/usr/lib/x86_64-linux-gnu -L/usr/lib/../lib -L/usr/lib/gcc/x86_64-linux-gnu/7/../../.. CMakeFiles/cmTC_c54ce.dir/CMakeCCompilerABI.c.o -lgcc --push-state --as-needed -lgcc_s --pop-state -lc -lgcc --push-state --as-needed -lgcc_s --pop-state /usr/lib/gcc/x86_64-linux-gnu/7/crtendS.o /usr/lib/gcc/x86_64-linux-gnu/7/../../../x86_64-linux-gnu/crtn.o]
    arg [/usr/lib/gcc/x86_64-linux-gnu/7/collect2] ==> ignore
    arg [-plugin] ==> ignore
    arg [/usr/lib/gcc/x86_64-linux-gnu/7/liblto_plugin.so] ==> ignore
    arg [-plugin-opt=/usr/lib/gcc/x86_64-linux-gnu/7/lto-wrapper] ==> ignore
    arg [-plugin-opt=-fresolution=/tmp/ccepF9k2.res] ==> ignore
    arg [-plugin-opt=-pass-through=-lgcc] ==> ignore
    arg [-plugin-opt=-pass-through=-lgcc_s] ==> ignore
    arg [-plugin-opt=-pass-through=-lc] ==> ignore
    arg [-plugin-opt=-pass-through=-lgcc] ==> ignore
    arg [-plugin-opt=-pass-through=-lgcc_s] ==> ignore
    arg [--sysroot=/] ==> ignore
    arg [--build-id] ==> ignore
    arg [--eh-frame-hdr] ==> ignore
    arg [-m] ==> ignore
    arg [elf_x86_64] ==> ignore
    arg [--hash-style=gnu] ==> ignore
    arg [--as-needed] ==> ignore
    arg [-export-dynamic] ==> ignore
    arg [-dynamic-linker] ==> ignore
    arg [/lib64/ld-linux-x86-64.so.2] ==> ignore
    arg [-pie] ==> ignore
    arg [-znow] ==> ignore
    arg [-zrelro] ==> ignore
    arg [-o] ==> ignore
    arg [cmTC_c54ce] ==> ignore
    arg [/usr/lib/gcc/x86_64-linux-gnu/7/../../../x86_64-linux-gnu/Scrt1.o] ==> ignore
    arg [/usr/lib/gcc/x86_64-linux-gnu/7/../../../x86_64-linux-gnu/crti.o] ==> ignore
    arg [/usr/lib/gcc/x86_64-linux-gnu/7/crtbeginS.o] ==> ignore
    arg [-L/usr/lib/gcc/x86_64-linux-gnu/7] ==> dir [/usr/lib/gcc/x86_64-linux-gnu/7]
    arg [-L/usr/lib/gcc/x86_64-linux-gnu/7/../../../x86_64-linux-gnu] ==> dir [/usr/lib/gcc/x86_64-linux-gnu/7/../../../x86_64-linux-gnu]
    arg [-L/usr/lib/gcc/x86_64-linux-gnu/7/../../../../lib] ==> dir [/usr/lib/gcc/x86_64-linux-gnu/7/../../../../lib]
    arg [-L/lib/x86_64-linux-gnu] ==> dir [/lib/x86_64-linux-gnu]
    arg [-L/lib/../lib] ==> dir [/lib/../lib]
    arg [-L/usr/lib/x86_64-linux-gnu] ==> dir [/usr/lib/x86_64-linux-gnu]
    arg [-L/usr/lib/../lib] ==> dir [/usr/lib/../lib]
    arg [-L/usr/lib/gcc/x86_64-linux-gnu/7/../../..] ==> dir [/usr/lib/gcc/x86_64-linux-gnu/7/../../..]
    arg [CMakeFiles/cmTC_c54ce.dir/CMakeCCompilerABI.c.o] ==> ignore
    arg [-lgcc] ==> lib [gcc]
    arg [--push-state] ==> ignore
    arg [--as-needed] ==> ignore
    arg [-lgcc_s] ==> lib [gcc_s]
    arg [--pop-state] ==> ignore
    arg [-lc] ==> lib [c]
    arg [-lgcc] ==> lib [gcc]
    arg [--push-state] ==> ignore
    arg [--as-needed] ==> ignore
    arg [-lgcc_s] ==> lib [gcc_s]
    arg [--pop-state] ==> ignore
    arg [/usr/lib/gcc/x86_64-linux-gnu/7/crtendS.o] ==> ignore
    arg [/usr/lib/gcc/x86_64-linux-gnu/7/../../../x86_64-linux-gnu/crtn.o] ==> ignore
  collapse library dir [/usr/lib/gcc/x86_64-linux-gnu/7] ==> [/usr/lib/gcc/x86_64-linux-gnu/7]
  collapse library dir [/usr/lib/gcc/x86_64-linux-gnu/7/../../../x86_64-linux-gnu] ==> [/usr/lib/x86_64-linux-gnu]
  collapse library dir [/usr/lib/gcc/x86_64-linux-gnu/7/../../../../lib] ==> [/usr/lib]
  collapse library dir [/lib/x86_64-linux-gnu] ==> [/lib/x86_64-linux-gnu]
  collapse library dir [/lib/../lib] ==> [/lib]
  collapse library dir [/usr/lib/x86_64-linux-gnu] ==> [/usr/lib/x86_64-linux-gnu]
  collapse library dir [/usr/lib/../lib] ==> [/usr/lib]
  collapse library dir [/usr/lib/gcc/x86_64-linux-gnu/7/../../..] ==> [/usr/lib]
  implicit libs: [gcc;gcc_s;c;gcc;gcc_s]
  implicit dirs: [/usr/lib/gcc/x86_64-linux-gnu/7;/usr/lib/x86_64-linux-gnu;/usr/lib;/lib/x86_64-linux-gnu;/lib]
  implicit fwks: []




Detecting C [-std=c11] compiler features compiled with the following output:
Change Dir: /app/code/fluent-bit-1.2.0/build/CMakeFiles/CMakeTmp

Run Build Command:"/usr/bin/make" "cmTC_14d98/fast"
/usr/bin/make -f CMakeFiles/cmTC_14d98.dir/build.make CMakeFiles/cmTC_14d98.dir/build
make[1]: Entering directory '/app/code/fluent-bit-1.2.0/build/CMakeFiles/CMakeTmp'
Building C object CMakeFiles/cmTC_14d98.dir/feature_tests.c.o
/usr/bin/cc   -std=c11 -o CMakeFiles/cmTC_14d98.dir/feature_tests.c.o   -c /app/code/fluent-bit-1.2.0/build/CMakeFiles/feature_tests.c
Linking C executable cmTC_14d98
/usr/bin/cmake -E cmake_link_script CMakeFiles/cmTC_14d98.dir/link.txt --verbose=1
/usr/bin/cc      -rdynamic CMakeFiles/cmTC_14d98.dir/feature_tests.c.o  -o cmTC_14d98 
make[1]: Leaving directory '/app/code/fluent-bit-1.2.0/build/CMakeFiles/CMakeTmp'


    Feature record: C_FEATURE:1c_function_prototypes
    Feature record: C_FEATURE:1c_restrict
    Feature record: C_FEATURE:1c_static_assert
    Feature record: C_FEATURE:1c_variadic_macros


Detecting C [-std=c99] compiler features compiled with the following output:
Change Dir: /app/code/fluent-bit-1.2.0/build/CMakeFiles/CMakeTmp

Run Build Command:"/usr/bin/make" "cmTC_5dc31/fast"
/usr/bin/make -f CMakeFiles/cmTC_5dc31.dir/build.make CMakeFiles/cmTC_5dc31.dir/build
make[1]: Entering directory '/app/code/fluent-bit-1.2.0/build/CMakeFiles/CMakeTmp'
Building C object CMakeFiles/cmTC_5dc31.dir/feature_tests.c.o
/usr/bin/cc   -std=c99 -o CMakeFiles/cmTC_5dc31.dir/feature_tests.c.o   -c /app/code/fluent-bit-1.2.0/build/CMakeFiles/feature_tests.c
Linking C executable cmTC_5dc31
/usr/bin/cmake -E cmake_link_script CMakeFiles/cmTC_5dc31.dir/link.txt --verbose=1
/usr/bin/cc      -rdynamic CMakeFiles/cmTC_5dc31.dir/feature_tests.c.o  -o cmTC_5dc31 
make[1]: Leaving directory '/app/code/fluent-bit-1.2.0/build/CMakeFiles/CMakeTmp'


    Feature record: C_FEATURE:1c_function_prototypes
    Feature record: C_FEATURE:1c_restrict
    Feature record: C_FEATURE:0c_static_assert
    Feature record: C_FEATURE:1c_variadic_macros


Detecting C [-std=c90] compiler features compiled with the following output:
Change Dir: /app/code/fluent-bit-1.2.0/build/CMakeFiles/CMakeTmp

Run Build Command:"/usr/bin/make" "cmTC_53bf4/fast"
/usr/bin/make -f CMakeFiles/cmTC_53bf4.dir/build.make CMakeFiles/cmTC_53bf4.dir/build
make[1]: Entering directory '/app/code/fluent-bit-1.2.0/build/CMakeFiles/CMakeTmp'
Building C object CMakeFiles/cmTC_53bf4.dir/feature_tests.c.o
/usr/bin/cc   -std=c90 -o CMakeFiles/cmTC_53bf4.dir/feature_tests.c.o   -c /app/code/fluent-bit-1.2.0/build/CMakeFiles/feature_tests.c
Linking C executable cmTC_53bf4
/usr/bin/cmake -E cmake_link_script CMakeFiles/cmTC_53bf4.dir/link.txt --verbose=1
/usr/bin/cc      -rdynamic CMakeFiles/cmTC_53bf4.dir/feature_tests.c.o  -o cmTC_53bf4 
make[1]: Leaving directory '/app/code/fluent-bit-1.2.0/build/CMakeFiles/CMakeTmp'


    Feature record: C_FEATURE:1c_function_prototypes
    Feature record: C_FEATURE:0c_restrict
    Feature record: C_FEATURE:0c_static_assert
    Feature record: C_FEATURE:0c_variadic_macros
Determining if the CXX compiler works passed with the following output:
Change Dir: /app/code/fluent-bit-1.2.0/build/CMakeFiles/CMakeTmp

Run Build Command:"/usr/bin/make" "cmTC_5a08d/fast"
/usr/bin/make -f CMakeFiles/cmTC_5a08d.dir/build.make CMakeFiles/cmTC_5a08d.dir/build
make[1]: Entering directory '/app/code/fluent-bit-1.2.0/build/CMakeFiles/CMakeTmp'
Building CXX object CMakeFiles/cmTC_5a08d.dir/testCXXCompiler.cxx.o
/usr/bin/c++     -o CMakeFiles/cmTC_5a08d.dir/testCXXCompiler.cxx.o -c /app/code/fluent-bit-1.2.0/build/CMakeFiles/CMakeTmp/testCXXCompiler.cxx
Linking CXX executable cmTC_5a08d
/usr/bin/cmake -E cmake_link_script CMakeFiles/cmTC_5a08d.dir/link.txt --verbose=1
/usr/bin/c++       -rdynamic CMakeFiles/cmTC_5a08d.dir/testCXXCompiler.cxx.o  -o cmTC_5a08d 
make[1]: Leaving directory '/app/code/fluent-bit-1.2.0/build/CMakeFiles/CMakeTmp'


Detecting CXX compiler ABI info compiled with the following output:
Change Dir: /app/code/fluent-bit-1.2.0/build/CMakeFiles/CMakeTmp

Run Build Command:"/usr/bin/make" "cmTC_a8d56/fast"
/usr/bin/make -f CMakeFiles/cmTC_a8d56.dir/build.make CMakeFiles/cmTC_a8d56.dir/build
make[1]: Entering directory '/app/code/fluent-bit-1.2.0/build/CMakeFiles/CMakeTmp'
Building CXX object CMakeFiles/cmTC_a8d56.dir/CMakeCXXCompilerABI.cpp.o
/usr/bin/c++     -o CMakeFiles/cmTC_a8d56.dir/CMakeCXXCompilerABI.cpp.o -c /usr/share/cmake-3.10/Modules/CMakeCXXCompilerABI.cpp
Linking CXX executable cmTC_a8d56
/usr/bin/cmake -E cmake_link_script CMakeFiles/cmTC_a8d56.dir/link.txt --verbose=1
/usr/bin/c++      -v -rdynamic CMakeFiles/cmTC_a8d56.dir/CMakeCXXCompilerABI.cpp.o  -o cmTC_a8d56 
Using built-in specs.
COLLECT_GCC=/usr/bin/c++
COLLECT_LTO_WRAPPER=/usr/lib/gcc/x86_64-linux-gnu/7/lto-wrapper
OFFLOAD_TARGET_NAMES=nvptx-none
OFFLOAD_TARGET_DEFAULT=1
Target: x86_64-linux-gnu
Configured with: ../src/configure -v --with-pkgversion='Ubuntu 7.4.0-1ubuntu1~18.04.1' --with-bugurl=file:///usr/share/doc/gcc-7/README.Bugs --enable-languages=c,ada,c++,go,brig,d,fortran,objc,obj-c++ --prefix=/usr --with-gcc-major-version-only --program-suffix=-7 --program-prefix=x86_64-linux-gnu- --enable-shared --enable-linker-build-id --libexecdir=/usr/lib --without-included-gettext --enable-threads=posix --libdir=/usr/lib --enable-nls --with-sysroot=/ --enable-clocale=gnu --enable-libstdcxx-debug --enable-libstdcxx-time=yes --with-default-libstdcxx-abi=new --enable-gnu-unique-object --disable-vtable-verify --enable-libmpx --enable-plugin --enable-default-pie --with-system-zlib --with-target-system-zlib --enable-objc-gc=auto --enable-multiarch --disable-werror --with-arch-32=i686 --with-abi=m64 --with-multilib-list=m32,m64,mx32 --enable-multilib --with-tune=generic --enable-offload-targets=nvptx-none --without-cuda-driver --enable-checking=release --build=x86_64-linux-gnu --host=x86_64-linux-gnu --target=x86_64-linux-gnu
Thread model: posix
gcc version 7.4.0 (Ubuntu 7.4.0-1ubuntu1~18.04.1) 
COMPILER_PATH=/usr/lib/gcc/x86_64-linux-gnu/7/:/usr/lib/gcc/x86_64-linux-gnu/7/:/usr/lib/gcc/x86_64-linux-gnu/:/usr/lib/gcc/x86_64-linux-gnu/7/:/usr/lib/gcc/x86_64-linux-gnu/
LIBRARY_PATH=/usr/lib/gcc/x86_64-linux-gnu/7/:/usr/lib/gcc/x86_64-linux-gnu/7/../../../x86_64-linux-gnu/:/usr/lib/gcc/x86_64-linux-gnu/7/../../../../lib/:/lib/x86_64-linux-gnu/:/lib/../lib/:/usr/lib/x86_64-linux-gnu/:/usr/lib/../lib/:/usr/lib/gcc/x86_64-linux-gnu/7/../../../:/lib/:/usr/lib/
COLLECT_GCC_OPTIONS='-v' '-rdynamic' '-o' 'cmTC_a8d56' '-shared-libgcc' '-mtune=generic' '-march=x86-64'
 /usr/lib/gcc/x86_64-linux-gnu/7/collect2 -plugin /usr/lib/gcc/x86_64-linux-gnu/7/liblto_plugin.so -plugin-opt=/usr/lib/gcc/x86_64-linux-gnu/7/lto-wrapper -plugin-opt=-fresolution=/tmp/cchggNHx.res -plugin-opt=-pass-through=-lgcc_s -plugin-opt=-pass-through=-lgcc -plugin-opt=-pass-through=-lc -plugin-opt=-pass-through=-lgcc_s -plugin-opt=-pass-through=-lgcc --sysroot=/ --build-id --eh-frame-hdr -m elf_x86_64 --hash-style=gnu --as-needed -export-dynamic -dynamic-linker /lib64/ld-linux-x86-64.so.2 -pie -z now -z relro -o cmTC_a8d56 /usr/lib/gcc/x86_64-linux-gnu/7/../../../x86_64-linux-gnu/Scrt1.o /usr/lib/gcc/x86_64-linux-gnu/7/../../../x86_64-linux-gnu/crti.o /usr/lib/gcc/x86_64-linux-gnu/7/crtbeginS.o -L/usr/lib/gcc/x86_64-linux-gnu/7 -L/usr/lib/gcc/x86_64-linux-gnu/7/../../../x86_64-linux-gnu -L/usr/lib/gcc/x86_64-linux-gnu/7/../../../../lib -L/lib/x86_64-linux-gnu -L/lib/../lib -L/usr/lib/x86_64-linux-gnu -L/usr/lib/../lib -L/usr/lib/gcc/x86_64-linux-gnu/7/../../.. CMakeFiles/cmTC_a8d56.dir/CMakeCXXCompilerABI.cpp.o -lstdc++ -lm -lgcc_s -lgcc -lc -lgcc_s -lgcc /usr/lib/gcc/x86_64-linux-gnu/7/crtendS.o /usr/lib/gcc/x86_64-linux-gnu/7/../../../x86_64-linux-gnu/crtn.o
COLLECT_GCC_OPTIONS='-v' '-rdynamic' '-o' 'cmTC_a8d56' '-shared-libgcc' '-mtune=generic' '-march=x86-64'
make[1]: Leaving directory '/app/code/fluent-bit-1.2.0/build/CMakeFiles/CMakeTmp'


Parsed CXX implicit link information from above output:
  link line regex: [^( *|.*[/\])(ld|CMAKE_LINK_STARTFILE-NOTFOUND|([^/\]+-)?ld|collect2)[^/\]*( |$)]
  ignore line: [Change Dir: /app/code/fluent-bit-1.2.0/build/CMakeFiles/CMakeTmp]
  ignore line: []
  ignore line: [Run Build Command:"/usr/bin/make" "cmTC_a8d56/fast"]
  ignore line: [/usr/bin/make -f CMakeFiles/cmTC_a8d56.dir/build.make CMakeFiles/cmTC_a8d56.dir/build]
  ignore line: [make[1]: Entering directory '/app/code/fluent-bit-1.2.0/build/CMakeFiles/CMakeTmp']
  ignore line: [Building CXX object CMakeFiles/cmTC_a8d56.dir/CMakeCXXCompilerABI.cpp.o]
  ignore line: [/usr/bin/c++     -o CMakeFiles/cmTC_a8d56.dir/CMakeCXXCompilerABI.cpp.o -c /usr/share/cmake-3.10/Modules/CMakeCXXCompilerABI.cpp]
  ignore line: [Linking CXX executable cmTC_a8d56]
  ignore line: [/usr/bin/cmake -E cmake_link_script CMakeFiles/cmTC_a8d56.dir/link.txt --verbose=1]
  ignore line: [/usr/bin/c++      -v -rdynamic CMakeFiles/cmTC_a8d56.dir/CMakeCXXCompilerABI.cpp.o  -o cmTC_a8d56 ]
  ignore line: [Using built-in specs.]
  ignore line: [COLLECT_GCC=/usr/bin/c++]
  ignore line: [COLLECT_LTO_WRAPPER=/usr/lib/gcc/x86_64-linux-gnu/7/lto-wrapper]
  ignore line: [OFFLOAD_TARGET_NAMES=nvptx-none]
  ignore line: [OFFLOAD_TARGET_DEFAULT=1]
  ignore line: [Target: x86_64-linux-gnu]
  ignore line: [Configured with: ../src/configure -v --with-pkgversion='Ubuntu 7.4.0-1ubuntu1~18.04.1' --with-bugurl=file:///usr/share/doc/gcc-7/README.Bugs --enable-languages=c,ada,c++,go,brig,d,fortran,objc,obj-c++ --prefix=/usr --with-gcc-major-version-only --program-suffix=-7 --program-prefix=x86_64-linux-gnu- --enable-shared --enable-linker-build-id --libexecdir=/usr/lib --without-included-gettext --enable-threads=posix --libdir=/usr/lib --enable-nls --with-sysroot=/ --enable-clocale=gnu --enable-libstdcxx-debug --enable-libstdcxx-time=yes --with-default-libstdcxx-abi=new --enable-gnu-unique-object --disable-vtable-verify --enable-libmpx --enable-plugin --enable-default-pie --with-system-zlib --with-target-system-zlib --enable-objc-gc=auto --enable-multiarch --disable-werror --with-arch-32=i686 --with-abi=m64 --with-multilib-list=m32,m64,mx32 --enable-multilib --with-tune=generic --enable-offload-targets=nvptx-none --without-cuda-driver --enable-checking=release --build=x86_64-linux-gnu --host=x86_64-linux-gnu --target=x86_64-linux-gnu]
  ignore line: [Thread model: posix]
  ignore line: [gcc version 7.4.0 (Ubuntu 7.4.0-1ubuntu1~18.04.1) ]
  ignore line: [COMPILER_PATH=/usr/lib/gcc/x86_64-linux-gnu/7/:/usr/lib/gcc/x86_64-linux-gnu/7/:/usr/lib/gcc/x86_64-linux-gnu/:/usr/lib/gcc/x86_64-linux-gnu/7/:/usr/lib/gcc/x86_64-linux-gnu/]
  ignore line: [LIBRARY_PATH=/usr/lib/gcc/x86_64-linux-gnu/7/:/usr/lib/gcc/x86_64-linux-gnu/7/../../../x86_64-linux-gnu/:/usr/lib/gcc/x86_64-linux-gnu/7/../../../../lib/:/lib/x86_64-linux-gnu/:/lib/../lib/:/usr/lib/x86_64-linux-gnu/:/usr/lib/../lib/:/usr/lib/gcc/x86_64-linux-gnu/7/../../../:/lib/:/usr/lib/]
  ignore line: [COLLECT_GCC_OPTIONS='-v' '-rdynamic' '-o' 'cmTC_a8d56' '-shared-libgcc' '-mtune=generic' '-march=x86-64']
  link line: [ /usr/lib/gcc/x86_64-linux-gnu/7/collect2 -plugin /usr/lib/gcc/x86_64-linux-gnu/7/liblto_plugin.so -plugin-opt=/usr/lib/gcc/x86_64-linux-gnu/7/lto-wrapper -plugin-opt=-fresolution=/tmp/cchggNHx.res -plugin-opt=-pass-through=-lgcc_s -plugin-opt=-pass-through=-lgcc -plugin-opt=-pass-through=-lc -plugin-opt=-pass-through=-lgcc_s -plugin-opt=-pass-through=-lgcc --sysroot=/ --build-id --eh-frame-hdr -m elf_x86_64 --hash-style=gnu --as-needed -export-dynamic -dynamic-linker /lib64/ld-linux-x86-64.so.2 -pie -z now -z relro -o cmTC_a8d56 /usr/lib/gcc/x86_64-linux-gnu/7/../../../x86_64-linux-gnu/Scrt1.o /usr/lib/gcc/x86_64-linux-gnu/7/../../../x86_64-linux-gnu/crti.o /usr/lib/gcc/x86_64-linux-gnu/7/crtbeginS.o -L/usr/lib/gcc/x86_64-linux-gnu/7 -L/usr/lib/gcc/x86_64-linux-gnu/7/../../../x86_64-linux-gnu -L/usr/lib/gcc/x86_64-linux-gnu/7/../../../../lib -L/lib/x86_64-linux-gnu -L/lib/../lib -L/usr/lib/x86_64-linux-gnu -L/usr/lib/../lib -L/usr/lib/gcc/x86_64-linux-gnu/7/../../.. CMakeFiles/cmTC_a8d56.dir/CMakeCXXCompilerABI.cpp.o -lstdc++ -lm -lgcc_s -lgcc -lc -lgcc_s -lgcc /usr/lib/gcc/x86_64-linux-gnu/7/crtendS.o /usr/lib/gcc/x86_64-linux-gnu/7/../../../x86_64-linux-gnu/crtn.o]
    arg [/usr/lib/gcc/x86_64-linux-gnu/7/collect2] ==> ignore
    arg [-plugin] ==> ignore
    arg [/usr/lib/gcc/x86_64-linux-gnu/7/liblto_plugin.so] ==> ignore
    arg [-plugin-opt=/usr/lib/gcc/x86_64-linux-gnu/7/lto-wrapper] ==> ignore
    arg [-plugin-opt=-fresolution=/tmp/cchggNHx.res] ==> ignore
    arg [-plugin-opt=-pass-through=-lgcc_s] ==> ignore
    arg [-plugin-opt=-pass-through=-lgcc] ==> ignore
    arg [-plugin-opt=-pass-through=-lc] ==> ignore
    arg [-plugin-opt=-pass-through=-lgcc_s] ==> ignore
    arg [-plugin-opt=-pass-through=-lgcc] ==> ignore
    arg [--sysroot=/] ==> ignore
    arg [--build-id] ==> ignore
    arg [--eh-frame-hdr] ==> ignore
    arg [-m] ==> ignore
    arg [elf_x86_64] ==> ignore
    arg [--hash-style=gnu] ==> ignore
    arg [--as-needed] ==> ignore
    arg [-export-dynamic] ==> ignore
    arg [-dynamic-linker] ==> ignore
    arg [/lib64/ld-linux-x86-64.so.2] ==> ignore
    arg [-pie] ==> ignore
    arg [-znow] ==> ignore
    arg [-zrelro] ==> ignore
    arg [-o] ==> ignore
    arg [cmTC_a8d56] ==> ignore
    arg [/usr/lib/gcc/x86_64-linux-gnu/7/../../../x86_64-linux-gnu/Scrt1.o] ==> ignore
    arg [/usr/lib/gcc/x86_64-linux-gnu/7/../../../x86_64-linux-gnu/crti.o] ==> ignore
    arg [/usr/lib/gcc/x86_64-linux-gnu/7/crtbeginS.o] ==> ignore
    arg [-L/usr/lib/gcc/x86_64-linux-gnu/7] ==> dir [/usr/lib/gcc/x86_64-linux-gnu/7]
    arg [-L/usr/lib/gcc/x86_64-linux-gnu/7/../../../x86_64-linux-gnu] ==> dir [/usr/lib/gcc/x86_64-linux-gnu/7/../../../x86_64-linux-gnu]
    arg [-L/usr/lib/gcc/x86_64-linux-gnu/7/../../../../lib] ==> dir [/usr/lib/gcc/x86_64-linux-gnu/7/../../../../lib]
    arg [-L/lib/x86_64-linux-gnu] ==> dir [/lib/x86_64-linux-gnu]
    arg [-L/lib/../lib] ==> dir [/lib/../lib]
    arg [-L/usr/lib/x86_64-linux-gnu] ==> dir [/usr/lib/x86_64-linux-gnu]
    arg [-L/usr/lib/../lib] ==> dir [/usr/lib/../lib]
    arg [-L/usr/lib/gcc/x86_64-linux-gnu/7/../../..] ==> dir [/usr/lib/gcc/x86_64-linux-gnu/7/../../..]
    arg [CMakeFiles/cmTC_a8d56.dir/CMakeCXXCompilerABI.cpp.o] ==> ignore
    arg [-lstdc++] ==> lib [stdc++]
    arg [-lm] ==> lib [m]
    arg [-lgcc_s] ==> lib [gcc_s]
    arg [-lgcc] ==> lib [gcc]
    arg [-lc] ==> lib [c]
    arg [-lgcc_s] ==> lib [gcc_s]
    arg [-lgcc] ==> lib [gcc]
    arg [/usr/lib/gcc/x86_64-linux-gnu/7/crtendS.o] ==> ignore
    arg [/usr/lib/gcc/x86_64-linux-gnu/7/../../../x86_64-linux-gnu/crtn.o] ==> ignore
  collapse library dir [/usr/lib/gcc/x86_64-linux-gnu/7] ==> [/usr/lib/gcc/x86_64-linux-gnu/7]
  collapse library dir [/usr/lib/gcc/x86_64-linux-gnu/7/../../../x86_64-linux-gnu] ==> [/usr/lib/x86_64-linux-gnu]
  collapse library dir [/usr/lib/gcc/x86_64-linux-gnu/7/../../../../lib] ==> [/usr/lib]
  collapse library dir [/lib/x86_64-linux-gnu] ==> [/lib/x86_64-linux-gnu]
  collapse library dir [/lib/../lib] ==> [/lib]
  collapse library dir [/usr/lib/x86_64-linux-gnu] ==> [/usr/lib/x86_64-linux-gnu]
  collapse library dir [/usr/lib/../lib] ==> [/usr/lib]
  collapse library dir [/usr/lib/gcc/x86_64-linux-gnu/7/../../..] ==> [/usr/lib]
  implicit libs: [stdc++;m;gcc_s;gcc;c;gcc_s;gcc]
  implicit dirs: [/usr/lib/gcc/x86_64-linux-gnu/7;/usr/lib/x86_64-linux-gnu;/usr/lib;/lib/x86_64-linux-gnu;/lib]
  implicit fwks: []




Detecting CXX [-std=c++1z] compiler features compiled with the following output:
Change Dir: /app/code/fluent-bit-1.2.0/build/CMakeFiles/CMakeTmp

Run Build Command:"/usr/bin/make" "cmTC_88a5f/fast"
/usr/bin/make -f CMakeFiles/cmTC_88a5f.dir/build.make CMakeFiles/cmTC_88a5f.dir/build
make[1]: Entering directory '/app/code/fluent-bit-1.2.0/build/CMakeFiles/CMakeTmp'
Building CXX object CMakeFiles/cmTC_88a5f.dir/feature_tests.cxx.o
/usr/bin/c++    -std=c++1z -o CMakeFiles/cmTC_88a5f.dir/feature_tests.cxx.o -c /app/code/fluent-bit-1.2.0/build/CMakeFiles/feature_tests.cxx
Linking CXX executable cmTC_88a5f
/usr/bin/cmake -E cmake_link_script CMakeFiles/cmTC_88a5f.dir/link.txt --verbose=1
/usr/bin/c++       -rdynamic CMakeFiles/cmTC_88a5f.dir/feature_tests.cxx.o  -o cmTC_88a5f 
make[1]: Leaving directory '/app/code/fluent-bit-1.2.0/build/CMakeFiles/CMakeTmp'


    Feature record: CXX_FEATURE:1cxx_aggregate_default_initializers
    Feature record: CXX_FEATURE:1cxx_alias_templates
    Feature record: CXX_FEATURE:1cxx_alignas
    Feature record: CXX_FEATURE:1cxx_alignof
    Feature record: CXX_FEATURE:1cxx_attributes
    Feature record: CXX_FEATURE:1cxx_attribute_deprecated
    Feature record: CXX_FEATURE:1cxx_auto_type
    Feature record: CXX_FEATURE:1cxx_binary_literals
    Feature record: CXX_FEATURE:1cxx_constexpr
    Feature record: CXX_FEATURE:1cxx_contextual_conversions
    Feature record: CXX_FEATURE:1cxx_decltype
    Feature record: CXX_FEATURE:1cxx_decltype_auto
    Feature record: CXX_FEATURE:1cxx_decltype_incomplete_return_types
    Feature record: CXX_FEATURE:1cxx_default_function_template_args
    Feature record: CXX_FEATURE:1cxx_defaulted_functions
    Feature record: CXX_FEATURE:1cxx_defaulted_move_initializers
    Feature record: CXX_FEATURE:1cxx_delegating_constructors
    Feature record: CXX_FEATURE:1cxx_deleted_functions
    Feature record: CXX_FEATURE:1cxx_digit_separators
    Feature record: CXX_FEATURE:1cxx_enum_forward_declarations
    Feature record: CXX_FEATURE:1cxx_explicit_conversions
    Feature record: CXX_FEATURE:1cxx_extended_friend_declarations
    Feature record: CXX_FEATURE:1cxx_extern_templates
    Feature record: CXX_FEATURE:1cxx_final
    Feature record: CXX_FEATURE:1cxx_func_identifier
    Feature record: CXX_FEATURE:1cxx_generalized_initializers
    Feature record: CXX_FEATURE:1cxx_generic_lambdas
    Feature record: CXX_FEATURE:1cxx_inheriting_constructors
    Feature record: CXX_FEATURE:1cxx_inline_namespaces
    Feature record: CXX_FEATURE:1cxx_lambdas
    Feature record: CXX_FEATURE:1cxx_lambda_init_captures
    Feature record: CXX_FEATURE:1cxx_local_type_template_args
    Feature record: CXX_FEATURE:1cxx_long_long_type
    Feature record: CXX_FEATURE:1cxx_noexcept
    Feature record: CXX_FEATURE:1cxx_nonstatic_member_init
    Feature record: CXX_FEATURE:1cxx_nullptr
    Feature record: CXX_FEATURE:1cxx_override
    Feature record: CXX_FEATURE:1cxx_range_for
    Feature record: CXX_FEATURE:1cxx_raw_string_literals
    Feature record: CXX_FEATURE:1cxx_reference_qualified_functions
    Feature record: CXX_FEATURE:1cxx_relaxed_constexpr
    Feature record: CXX_FEATURE:1cxx_return_type_deduction
    Feature record: CXX_FEATURE:1cxx_right_angle_brackets
    Feature record: CXX_FEATURE:1cxx_rvalue_references
    Feature record: CXX_FEATURE:1cxx_sizeof_member
    Feature record: CXX_FEATURE:1cxx_static_assert
    Feature record: CXX_FEATURE:1cxx_strong_enums
    Feature record: CXX_FEATURE:1cxx_template_template_parameters
    Feature record: CXX_FEATURE:1cxx_thread_local
    Feature record: CXX_FEATURE:1cxx_trailing_return_types
    Feature record: CXX_FEATURE:1cxx_unicode_literals
    Feature record: CXX_FEATURE:1cxx_uniform_initialization
    Feature record: CXX_FEATURE:1cxx_unrestricted_unions
    Feature record: CXX_FEATURE:1cxx_user_literals
    Feature record: CXX_FEATURE:1cxx_variable_templates
    Feature record: CXX_FEATURE:1cxx_variadic_macros
    Feature record: CXX_FEATURE:1cxx_variadic_templates


Detecting CXX [-std=c++14] compiler features compiled with the following output:
Change Dir: /app/code/fluent-bit-1.2.0/build/CMakeFiles/CMakeTmp

Run Build Command:"/usr/bin/make" "cmTC_416a8/fast"
/usr/bin/make -f CMakeFiles/cmTC_416a8.dir/build.make CMakeFiles/cmTC_416a8.dir/build
make[1]: Entering directory '/app/code/fluent-bit-1.2.0/build/CMakeFiles/CMakeTmp'
Building CXX object CMakeFiles/cmTC_416a8.dir/feature_tests.cxx.o
/usr/bin/c++    -std=c++14 -o CMakeFiles/cmTC_416a8.dir/feature_tests.cxx.o -c /app/code/fluent-bit-1.2.0/build/CMakeFiles/feature_tests.cxx
Linking CXX executable cmTC_416a8
/usr/bin/cmake -E cmake_link_script CMakeFiles/cmTC_416a8.dir/link.txt --verbose=1
/usr/bin/c++       -rdynamic CMakeFiles/cmTC_416a8.dir/feature_tests.cxx.o  -o cmTC_416a8 
make[1]: Leaving directory '/app/code/fluent-bit-1.2.0/build/CMakeFiles/CMakeTmp'


    Feature record: CXX_FEATURE:1cxx_aggregate_default_initializers
    Feature record: CXX_FEATURE:1cxx_alias_templates
    Feature record: CXX_FEATURE:1cxx_alignas
    Feature record: CXX_FEATURE:1cxx_alignof
    Feature record: CXX_FEATURE:1cxx_attributes
    Feature record: CXX_FEATURE:1cxx_attribute_deprecated
    Feature record: CXX_FEATURE:1cxx_auto_type
    Feature record: CXX_FEATURE:1cxx_binary_literals
    Feature record: CXX_FEATURE:1cxx_constexpr
    Feature record: CXX_FEATURE:1cxx_contextual_conversions
    Feature record: CXX_FEATURE:1cxx_decltype
    Feature record: CXX_FEATURE:1cxx_decltype_auto
    Feature record: CXX_FEATURE:1cxx_decltype_incomplete_return_types
    Feature record: CXX_FEATURE:1cxx_default_function_template_args
    Feature record: CXX_FEATURE:1cxx_defaulted_functions
    Feature record: CXX_FEATURE:1cxx_defaulted_move_initializers
    Feature record: CXX_FEATURE:1cxx_delegating_constructors
    Feature record: CXX_FEATURE:1cxx_deleted_functions
    Feature record: CXX_FEATURE:1cxx_digit_separators
    Feature record: CXX_FEATURE:1cxx_enum_forward_declarations
    Feature record: CXX_FEATURE:1cxx_explicit_conversions
    Feature record: CXX_FEATURE:1cxx_extended_friend_declarations
    Feature record: CXX_FEATURE:1cxx_extern_templates
    Feature record: CXX_FEATURE:1cxx_final
    Feature record: CXX_FEATURE:1cxx_func_identifier
    Feature record: CXX_FEATURE:1cxx_generalized_initializers
    Feature record: CXX_FEATURE:1cxx_generic_lambdas
    Feature record: CXX_FEATURE:1cxx_inheriting_constructors
    Feature record: CXX_FEATURE:1cxx_inline_namespaces
    Feature record: CXX_FEATURE:1cxx_lambdas
    Feature record: CXX_FEATURE:1cxx_lambda_init_captures
    Feature record: CXX_FEATURE:1cxx_local_type_template_args
    Feature record: CXX_FEATURE:1cxx_long_long_type
    Feature record: CXX_FEATURE:1cxx_noexcept
    Feature record: CXX_FEATURE:1cxx_nonstatic_member_init
    Feature record: CXX_FEATURE:1cxx_nullptr
    Feature record: CXX_FEATURE:1cxx_override
    Feature record: CXX_FEATURE:1cxx_range_for
    Feature record: CXX_FEATURE:1cxx_raw_string_literals
    Feature record: CXX_FEATURE:1cxx_reference_qualified_functions
    Feature record: CXX_FEATURE:1cxx_relaxed_constexpr
    Feature record: CXX_FEATURE:1cxx_return_type_deduction
    Feature record: CXX_FEATURE:1cxx_right_angle_brackets
    Feature record: CXX_FEATURE:1cxx_rvalue_references
    Feature record: CXX_FEATURE:1cxx_sizeof_member
    Feature record: CXX_FEATURE:1cxx_static_assert
    Feature record: CXX_FEATURE:1cxx_strong_enums
    Feature record: CXX_FEATURE:1cxx_template_template_parameters
    Feature record: CXX_FEATURE:1cxx_thread_local
    Feature record: CXX_FEATURE:1cxx_trailing_return_types
    Feature record: CXX_FEATURE:1cxx_unicode_literals
    Feature record: CXX_FEATURE:1cxx_uniform_initialization
    Feature record: CXX_FEATURE:1cxx_unrestricted_unions
    Feature record: CXX_FEATURE:1cxx_user_literals
    Feature record: CXX_FEATURE:1cxx_variable_templates
    Feature record: CXX_FEATURE:1cxx_variadic_macros
    Feature record: CXX_FEATURE:1cxx_variadic_templates


Detecting CXX [-std=c++11] compiler features compiled with the following output:
Change Dir: /app/code/fluent-bit-1.2.0/build/CMakeFiles/CMakeTmp

Run Build Command:"/usr/bin/make" "cmTC_43c08/fast"
/usr/bin/make -f CMakeFiles/cmTC_43c08.dir/build.make CMakeFiles/cmTC_43c08.dir/build
make[1]: Entering directory '/app/code/fluent-bit-1.2.0/build/CMakeFiles/CMakeTmp'
Building CXX object CMakeFiles/cmTC_43c08.dir/feature_tests.cxx.o
/usr/bin/c++    -std=c++11 -o CMakeFiles/cmTC_43c08.dir/feature_tests.cxx.o -c /app/code/fluent-bit-1.2.0/build/CMakeFiles/feature_tests.cxx
Linking CXX executable cmTC_43c08
/usr/bin/cmake -E cmake_link_script CMakeFiles/cmTC_43c08.dir/link.txt --verbose=1
/usr/bin/c++       -rdynamic CMakeFiles/cmTC_43c08.dir/feature_tests.cxx.o  -o cmTC_43c08 
make[1]: Leaving directory '/app/code/fluent-bit-1.2.0/build/CMakeFiles/CMakeTmp'


    Feature record: CXX_FEATURE:0cxx_aggregate_default_initializers
    Feature record: CXX_FEATURE:1cxx_alias_templates
    Feature record: CXX_FEATURE:1cxx_alignas
    Feature record: CXX_FEATURE:1cxx_alignof
    Feature record: CXX_FEATURE:1cxx_attributes
    Feature record: CXX_FEATURE:0cxx_attribute_deprecated
    Feature record: CXX_FEATURE:1cxx_auto_type
    Feature record: CXX_FEATURE:0cxx_binary_literals
    Feature record: CXX_FEATURE:1cxx_constexpr
    Feature record: CXX_FEATURE:0cxx_contextual_conversions
    Feature record: CXX_FEATURE:1cxx_decltype
    Feature record: CXX_FEATURE:0cxx_decltype_auto
    Feature record: CXX_FEATURE:1cxx_decltype_incomplete_return_types
    Feature record: CXX_FEATURE:1cxx_default_function_template_args
    Feature record: CXX_FEATURE:1cxx_defaulted_functions
    Feature record: CXX_FEATURE:1cxx_defaulted_move_initializers
    Feature record: CXX_FEATURE:1cxx_delegating_constructors
    Feature record: CXX_FEATURE:1cxx_deleted_functions
    Feature record: CXX_FEATURE:0cxx_digit_separators
    Feature record: CXX_FEATURE:1cxx_enum_forward_declarations
    Feature record: CXX_FEATURE:1cxx_explicit_conversions
    Feature record: CXX_FEATURE:1cxx_extended_friend_declarations
    Feature record: CXX_FEATURE:1cxx_extern_templates
    Feature record: CXX_FEATURE:1cxx_final
    Feature record: CXX_FEATURE:1cxx_func_identifier
    Feature record: CXX_FEATURE:1cxx_generalized_initializers
    Feature record: CXX_FEATURE:0cxx_generic_lambdas
    Feature record: CXX_FEATURE:1cxx_inheriting_constructors
    Feature record: CXX_FEATURE:1cxx_inline_namespaces
    Feature record: CXX_FEATURE:1cxx_lambdas
    Feature record: CXX_FEATURE:0cxx_lambda_init_captures
    Feature record: CXX_FEATURE:1cxx_local_type_template_args
    Feature record: CXX_FEATURE:1cxx_long_long_type
    Feature record: CXX_FEATURE:1cxx_noexcept
    Feature record: CXX_FEATURE:1cxx_nonstatic_member_init
    Feature record: CXX_FEATURE:1cxx_nullptr
    Feature record: CXX_FEATURE:1cxx_override
    Feature record: CXX_FEATURE:1cxx_range_for
    Feature record: CXX_FEATURE:1cxx_raw_string_literals
    Feature record: CXX_FEATURE:1cxx_reference_qualified_functions
    Feature record: CXX_FEATURE:0cxx_relaxed_constexpr
    Feature record: CXX_FEATURE:0cxx_return_type_deduction
    Feature record: CXX_FEATURE:1cxx_right_angle_brackets
    Feature record: CXX_FEATURE:1cxx_rvalue_references
    Feature record: CXX_FEATURE:1cxx_sizeof_member
    Feature record: CXX_FEATURE:1cxx_static_assert
    Feature record: CXX_FEATURE:1cxx_strong_enums
    Feature record: CXX_FEATURE:1cxx_template_template_parameters
    Feature record: CXX_FEATURE:1cxx_thread_local
    Feature record: CXX_FEATURE:1cxx_trailing_return_types
    Feature record: CXX_FEATURE:1cxx_unicode_literals
    Feature record: CXX_FEATURE:1cxx_uniform_initialization
    Feature record: CXX_FEATURE:1cxx_unrestricted_unions
    Feature record: CXX_FEATURE:1cxx_user_literals
    Feature record: CXX_FEATURE:0cxx_variable_templates
    Feature record: CXX_FEATURE:1cxx_variadic_macros
    Feature record: CXX_FEATURE:1cxx_variadic_templates


Detecting CXX [-std=c++98] compiler features compiled with the following output:
Change Dir: /app/code/fluent-bit-1.2.0/build/CMakeFiles/CMakeTmp

Run Build Command:"/usr/bin/make" "cmTC_57b12/fast"
/usr/bin/make -f CMakeFiles/cmTC_57b12.dir/build.make CMakeFiles/cmTC_57b12.dir/build
make[1]: Entering directory '/app/code/fluent-bit-1.2.0/build/CMakeFiles/CMakeTmp'
Building CXX object CMakeFiles/cmTC_57b12.dir/feature_tests.cxx.o
/usr/bin/c++    -std=c++98 -o CMakeFiles/cmTC_57b12.dir/feature_tests.cxx.o -c /app/code/fluent-bit-1.2.0/build/CMakeFiles/feature_tests.cxx
Linking CXX executable cmTC_57b12
/usr/bin/cmake -E cmake_link_script CMakeFiles/cmTC_57b12.dir/link.txt --verbose=1
/usr/bin/c++       -rdynamic CMakeFiles/cmTC_57b12.dir/feature_tests.cxx.o  -o cmTC_57b12 
make[1]: Leaving directory '/app/code/fluent-bit-1.2.0/build/CMakeFiles/CMakeTmp'


    Feature record: CXX_FEATURE:0cxx_aggregate_default_initializers
    Feature record: CXX_FEATURE:0cxx_alias_templates
    Feature record: CXX_FEATURE:0cxx_alignas
    Feature record: CXX_FEATURE:0cxx_alignof
    Feature record: CXX_FEATURE:0cxx_attributes
    Feature record: CXX_FEATURE:0cxx_attribute_deprecated
    Feature record: CXX_FEATURE:0cxx_auto_type
    Feature record: CXX_FEATURE:0cxx_binary_literals
    Feature record: CXX_FEATURE:0cxx_constexpr
    Feature record: CXX_FEATURE:0cxx_contextual_conversions
    Feature record: CXX_FEATURE:0cxx_decltype
    Feature record: CXX_FEATURE:0cxx_decltype_auto
    Feature record: CXX_FEATURE:0cxx_decltype_incomplete_return_types
    Feature record: CXX_FEATURE:0cxx_default_function_template_args
    Feature record: CXX_FEATURE:0cxx_defaulted_functions
    Feature record: CXX_FEATURE:0cxx_defaulted_move_initializers
    Feature record: CXX_FEATURE:0cxx_delegating_constructors
    Feature record: CXX_FEATURE:0cxx_deleted_functions
    Feature record: CXX_FEATURE:0cxx_digit_separators
    Feature record: CXX_FEATURE:0cxx_enum_forward_declarations
    Feature record: CXX_FEATURE:0cxx_explicit_conversions
    Feature record: CXX_FEATURE:0cxx_extended_friend_declarations
    Feature record: CXX_FEATURE:0cxx_extern_templates
    Feature record: CXX_FEATURE:0cxx_final
    Feature record: CXX_FEATURE:0cxx_func_identifier
    Feature record: CXX_FEATURE:0cxx_generalized_initializers
    Feature record: CXX_FEATURE:0cxx_generic_lambdas
    Feature record: CXX_FEATURE:0cxx_inheriting_constructors
    Feature record: CXX_FEATURE:0cxx_inline_namespaces
    Feature record: CXX_FEATURE:0cxx_lambdas
    Feature record: CXX_FEATURE:0cxx_lambda_init_captures
    Feature record: CXX_FEATURE:0cxx_local_type_template_args
    Feature record: CXX_FEATURE:0cxx_long_long_type
    Feature record: CXX_FEATURE:0cxx_noexcept
    Feature record: CXX_FEATURE:0cxx_nonstatic_member_init
    Feature record: CXX_FEATURE:0cxx_nullptr
    Feature record: CXX_FEATURE:0cxx_override
    Feature record: CXX_FEATURE:0cxx_range_for
    Feature record: CXX_FEATURE:0cxx_raw_string_literals
    Feature record: CXX_FEATURE:0cxx_reference_qualified_functions
    Feature record: CXX_FEATURE:0cxx_relaxed_constexpr
    Feature record: CXX_FEATURE:0cxx_return_type_deduction
    Feature record: CXX_FEATURE:0cxx_right_angle_brackets
    Feature record: CXX_FEATURE:0cxx_rvalue_references
    Feature record: CXX_FEATURE:0cxx_sizeof_member
    Feature record: CXX_FEATURE:0cxx_static_assert
    Feature record: CXX_FEATURE:0cxx_strong_enums
    Feature record: CXX_FEATURE:1cxx_template_template_parameters
    Feature record: CXX_FEATURE:0cxx_thread_local
    Feature record: CXX_FEATURE:0cxx_trailing_return_types
    Feature record: CXX_FEATURE:0cxx_unicode_literals
    Feature record: CXX_FEATURE:0cxx_uniform_initialization
    Feature record: CXX_FEATURE:0cxx_unrestricted_unions
    Feature record: CXX_FEATURE:0cxx_user_literals
    Feature record: CXX_FEATURE:0cxx_variable_templates
    Feature record: CXX_FEATURE:0cxx_variadic_macros
    Feature record: CXX_FEATURE:0cxx_variadic_templates
Determining if the include file pthread.h exists passed with the following output:
Change Dir: /app/code/fluent-bit-1.2.0/build/CMakeFiles/CMakeTmp

Run Build Command:"/usr/bin/make" "cmTC_64555/fast"
/usr/bin/make -f CMakeFiles/cmTC_64555.dir/build.make CMakeFiles/cmTC_64555.dir/build
make[1]: Entering directory '/app/code/fluent-bit-1.2.0/build/CMakeFiles/CMakeTmp'
Building C object CMakeFiles/cmTC_64555.dir/CheckIncludeFile.c.o
/usr/bin/cc   -Wall -D__FILENAME__='"build/CMakeFiles/CMakeTmp/CheckIncludeFile.c"'  -fPIE   -o CMakeFiles/cmTC_64555.dir/CheckIncludeFile.c.o   -c /app/code/fluent-bit-1.2.0/build/CMakeFiles/CMakeTmp/CheckIncludeFile.c
Linking C executable cmTC_64555
/usr/bin/cmake -E cmake_link_script CMakeFiles/cmTC_64555.dir/link.txt --verbose=1
/usr/bin/cc  -Wall -D__FILENAME__='"$(subst /app/code/fluent-bit-1.2.0/,,$(abspath $<))"'     -rdynamic CMakeFiles/cmTC_64555.dir/CheckIncludeFile.c.o  -o cmTC_64555 
make[1]: Leaving directory '/app/code/fluent-bit-1.2.0/build/CMakeFiles/CMakeTmp'


Determining if the function pthread_create exists in the pthread passed with the following output:
Change Dir: /app/code/fluent-bit-1.2.0/build/CMakeFiles/CMakeTmp

Run Build Command:"/usr/bin/make" "cmTC_24a4c/fast"
/usr/bin/make -f CMakeFiles/cmTC_24a4c.dir/build.make CMakeFiles/cmTC_24a4c.dir/build
make[1]: Entering directory '/app/code/fluent-bit-1.2.0/build/CMakeFiles/CMakeTmp'
Building C object CMakeFiles/cmTC_24a4c.dir/CheckFunctionExists.c.o
/usr/bin/cc   -Wall -D__FILENAME__='"/usr/share/cmake-3.10/Modules/CheckFunctionExists.c"' -DCHECK_FUNCTION_EXISTS=pthread_create -fPIE   -o CMakeFiles/cmTC_24a4c.dir/CheckFunctionExists.c.o   -c /usr/share/cmake-3.10/Modules/CheckFunctionExists.c
Linking C executable cmTC_24a4c
/usr/bin/cmake -E cmake_link_script CMakeFiles/cmTC_24a4c.dir/link.txt --verbose=1
/usr/bin/cc  -Wall -D__FILENAME__='"$(subst /app/code/fluent-bit-1.2.0/,,$(abspath $<))"' -DCHECK_FUNCTION_EXISTS=pthread_create    -rdynamic CMakeFiles/cmTC_24a4c.dir/CheckFunctionExists.c.o  -o cmTC_24a4c -lpthread 
make[1]: Leaving directory '/app/code/fluent-bit-1.2.0/build/CMakeFiles/CMakeTmp'


Performing C SOURCE FILE Test HAVE_STAT_H succeeded with the following output:
Change Dir: /app/code/fluent-bit-1.2.0/build/CMakeFiles/CMakeTmp

Run Build Command:"/usr/bin/make" "cmTC_a9704/fast"
/usr/bin/make -f CMakeFiles/cmTC_a9704.dir/build.make CMakeFiles/cmTC_a9704.dir/build
make[1]: Entering directory '/app/code/fluent-bit-1.2.0/build/CMakeFiles/CMakeTmp'
Building C object CMakeFiles/cmTC_a9704.dir/src.c.o
/usr/bin/cc   -Wall -D__FILENAME__='"build/CMakeFiles/CMakeTmp/src.c"' -DHAVE_STAT_H -fPIE   -o CMakeFiles/cmTC_a9704.dir/src.c.o   -c /app/code/fluent-bit-1.2.0/build/CMakeFiles/CMakeTmp/src.c
/app/code/fluent-bit-1.2.0/build/CMakeFiles/CMakeTmp/src.c: In function ‘main’:
/app/code/fluent-bit-1.2.0/build/CMakeFiles/CMakeTmp/src.c:6:9: warning: unused variable ‘x’ [-Wunused-variable]
     int x = S_IXUSR;
         ^
Linking C executable cmTC_a9704
/usr/bin/cmake -E cmake_link_script CMakeFiles/cmTC_a9704.dir/link.txt --verbose=1
/usr/bin/cc  -Wall -D__FILENAME__='"$(subst /app/code/fluent-bit-1.2.0/,,$(abspath $<))"' -DHAVE_STAT_H    -rdynamic CMakeFiles/cmTC_a9704.dir/src.c.o  -o cmTC_a9704 
make[1]: Leaving directory '/app/code/fluent-bit-1.2.0/build/CMakeFiles/CMakeTmp'

Source file was:

  #include <sys/types.h>
  #include <sys/stat.h>
  #include <unistd.h>
  int main() {
    int x = S_IXUSR;
    S_ISLNK(0);
    return 0;
  }
Performing C SOURCE FILE Test HAVE_SYS_UIO_H succeeded with the following output:
Change Dir: /app/code/fluent-bit-1.2.0/build/CMakeFiles/CMakeTmp

Run Build Command:"/usr/bin/make" "cmTC_84989/fast"
/usr/bin/make -f CMakeFiles/cmTC_84989.dir/build.make CMakeFiles/cmTC_84989.dir/build
make[1]: Entering directory '/app/code/fluent-bit-1.2.0/build/CMakeFiles/CMakeTmp'
Building C object CMakeFiles/cmTC_84989.dir/src.c.o
/usr/bin/cc   -Wall -D__FILENAME__='"build/CMakeFiles/CMakeTmp/src.c"' -DHAVE_SYS_UIO_H -fPIE   -o CMakeFiles/cmTC_84989.dir/src.c.o   -c /app/code/fluent-bit-1.2.0/build/CMakeFiles/CMakeTmp/src.c
Linking C executable cmTC_84989
/usr/bin/cmake -E cmake_link_script CMakeFiles/cmTC_84989.dir/link.txt --verbose=1
/usr/bin/cc  -Wall -D__FILENAME__='"$(subst /app/code/fluent-bit-1.2.0/,,$(abspath $<))"' -DHAVE_SYS_UIO_H    -rdynamic CMakeFiles/cmTC_84989.dir/src.c.o  -o cmTC_84989 
make[1]: Leaving directory '/app/code/fluent-bit-1.2.0/build/CMakeFiles/CMakeTmp'

Source file was:

  #include <sys/uio.h>
  int main() {
     return 0;
  }
Performing C SOURCE FILE Test HAVE_UNISTD_H succeeded with the following output:
Change Dir: /app/code/fluent-bit-1.2.0/build/CMakeFiles/CMakeTmp

Run Build Command:"/usr/bin/make" "cmTC_ddaf4/fast"
/usr/bin/make -f CMakeFiles/cmTC_ddaf4.dir/build.make CMakeFiles/cmTC_ddaf4.dir/build
make[1]: Entering directory '/app/code/fluent-bit-1.2.0/build/CMakeFiles/CMakeTmp'
Building C object CMakeFiles/cmTC_ddaf4.dir/src.c.o
/usr/bin/cc   -Wall -D__FILENAME__='"build/CMakeFiles/CMakeTmp/src.c"' -DHAVE_UNISTD_H -fPIE   -o CMakeFiles/cmTC_ddaf4.dir/src.c.o   -c /app/code/fluent-bit-1.2.0/build/CMakeFiles/CMakeTmp/src.c
Linking C executable cmTC_ddaf4
/usr/bin/cmake -E cmake_link_script CMakeFiles/cmTC_ddaf4.dir/link.txt --verbose=1
/usr/bin/cc  -Wall -D__FILENAME__='"$(subst /app/code/fluent-bit-1.2.0/,,$(abspath $<))"' -DHAVE_UNISTD_H    -rdynamic CMakeFiles/cmTC_ddaf4.dir/src.c.o  -o cmTC_ddaf4 
make[1]: Leaving directory '/app/code/fluent-bit-1.2.0/build/CMakeFiles/CMakeTmp'

Source file was:

  #include <unistd.h>
  int main() {
     return 0;
  }
Performing C SOURCE FILE Test HAVE_EPOLL succeeded with the following output:
Change Dir: /app/code/fluent-bit-1.2.0/build/CMakeFiles/CMakeTmp

Run Build Command:"/usr/bin/make" "cmTC_875dc/fast"
/usr/bin/make -f CMakeFiles/cmTC_875dc.dir/build.make CMakeFiles/cmTC_875dc.dir/build
make[1]: Entering directory '/app/code/fluent-bit-1.2.0/build/CMakeFiles/CMakeTmp'
Building C object CMakeFiles/cmTC_875dc.dir/src.c.o
/usr/bin/cc   -Wall -D__FILENAME__='"build/CMakeFiles/CMakeTmp/src.c"' -DHAVE_EPOLL -fPIE   -o CMakeFiles/cmTC_875dc.dir/src.c.o   -c /app/code/fluent-bit-1.2.0/build/CMakeFiles/CMakeTmp/src.c
Linking C executable cmTC_875dc
/usr/bin/cmake -E cmake_link_script CMakeFiles/cmTC_875dc.dir/link.txt --verbose=1
/usr/bin/cc  -Wall -D__FILENAME__='"$(subst /app/code/fluent-bit-1.2.0/,,$(abspath $<))"' -DHAVE_EPOLL    -rdynamic CMakeFiles/cmTC_875dc.dir/src.c.o  -o cmTC_875dc 
make[1]: Leaving directory '/app/code/fluent-bit-1.2.0/build/CMakeFiles/CMakeTmp'

Source file was:

  #include <sys/epoll.h>
  int main() {
     return epoll_create(1);
  }
Performing C SOURCE FILE Test HAVE_TIMERFD_CREATE succeeded with the following output:
Change Dir: /app/code/fluent-bit-1.2.0/build/CMakeFiles/CMakeTmp

Run Build Command:"/usr/bin/make" "cmTC_b9061/fast"
/usr/bin/make -f CMakeFiles/cmTC_b9061.dir/build.make CMakeFiles/cmTC_b9061.dir/build
make[1]: Entering directory '/app/code/fluent-bit-1.2.0/build/CMakeFiles/CMakeTmp'
Building C object CMakeFiles/cmTC_b9061.dir/src.c.o
/usr/bin/cc   -Wall -D__FILENAME__='"build/CMakeFiles/CMakeTmp/src.c"' -DHAVE_TIMERFD_CREATE -fPIE   -o CMakeFiles/cmTC_b9061.dir/src.c.o   -c /app/code/fluent-bit-1.2.0/build/CMakeFiles/CMakeTmp/src.c
Linking C executable cmTC_b9061
/usr/bin/cmake -E cmake_link_script CMakeFiles/cmTC_b9061.dir/link.txt --verbose=1
/usr/bin/cc  -Wall -D__FILENAME__='"$(subst /app/code/fluent-bit-1.2.0/,,$(abspath $<))"' -DHAVE_TIMERFD_CREATE    -rdynamic CMakeFiles/cmTC_b9061.dir/src.c.o  -o cmTC_b9061 
make[1]: Leaving directory '/app/code/fluent-bit-1.2.0/build/CMakeFiles/CMakeTmp'

Source file was:

  #include <sys/timerfd.h>
  int main() {
     return timerfd_create(CLOCK_REALTIME, 0);
  }
Performing C SOURCE FILE Test HAVE_EVENTFD succeeded with the following output:
Change Dir: /app/code/fluent-bit-1.2.0/build/CMakeFiles/CMakeTmp

Run Build Command:"/usr/bin/make" "cmTC_d7bec/fast"
/usr/bin/make -f CMakeFiles/cmTC_d7bec.dir/build.make CMakeFiles/cmTC_d7bec.dir/build
make[1]: Entering directory '/app/code/fluent-bit-1.2.0/build/CMakeFiles/CMakeTmp'
Building C object CMakeFiles/cmTC_d7bec.dir/src.c.o
/usr/bin/cc   -Wall -D__FILENAME__='"build/CMakeFiles/CMakeTmp/src.c"' -DHAVE_EVENTFD -fPIE   -o CMakeFiles/cmTC_d7bec.dir/src.c.o   -c /app/code/fluent-bit-1.2.0/build/CMakeFiles/CMakeTmp/src.c
Linking C executable cmTC_d7bec
/usr/bin/cmake -E cmake_link_script CMakeFiles/cmTC_d7bec.dir/link.txt --verbose=1
/usr/bin/cc  -Wall -D__FILENAME__='"$(subst /app/code/fluent-bit-1.2.0/,,$(abspath $<))"' -DHAVE_EVENTFD    -rdynamic CMakeFiles/cmTC_d7bec.dir/src.c.o  -o cmTC_d7bec 
make[1]: Leaving directory '/app/code/fluent-bit-1.2.0/build/CMakeFiles/CMakeTmp'

Source file was:

  #include <sys/eventfd.h>
  int main() {
     return eventfd(0, EFD_CLOEXEC);
  }
Performing C SOURCE FILE Test MK_HAVE_MEMRCHR succeeded with the following output:
Change Dir: /app/code/fluent-bit-1.2.0/build/CMakeFiles/CMakeTmp

Run Build Command:"/usr/bin/make" "cmTC_00a01/fast"
/usr/bin/make -f CMakeFiles/cmTC_00a01.dir/build.make CMakeFiles/cmTC_00a01.dir/build
make[1]: Entering directory '/app/code/fluent-bit-1.2.0/build/CMakeFiles/CMakeTmp'
Building C object CMakeFiles/cmTC_00a01.dir/src.c.o
/usr/bin/cc   -Wall -D__FILENAME__='"build/CMakeFiles/CMakeTmp/src.c"' -DMK_HAVE_MEMRCHR -fPIE   -o CMakeFiles/cmTC_00a01.dir/src.c.o   -c /app/code/fluent-bit-1.2.0/build/CMakeFiles/CMakeTmp/src.c
/app/code/fluent-bit-1.2.0/build/CMakeFiles/CMakeTmp/src.c: In function ‘main’:
/app/code/fluent-bit-1.2.0/build/CMakeFiles/CMakeTmp/src.c:5:7: warning: statement with no effect [-Wunused-value]
       memrchr("test", 'e', 4);
       ^~~~~~~~~~~~~~~~~~~~~~~
Linking C executable cmTC_00a01
/usr/bin/cmake -E cmake_link_script CMakeFiles/cmTC_00a01.dir/link.txt --verbose=1
/usr/bin/cc  -Wall -D__FILENAME__='"$(subst /app/code/fluent-bit-1.2.0/,,$(abspath $<))"' -DMK_HAVE_MEMRCHR    -rdynamic CMakeFiles/cmTC_00a01.dir/src.c.o  -o cmTC_00a01 
make[1]: Leaving directory '/app/code/fluent-bit-1.2.0/build/CMakeFiles/CMakeTmp'

Source file was:

   #define _GNU_SOURCE
   #include <string.h>
   int main() {
      memrchr("test", 'e', 4);
      return 0;
   }
Performing C SOURCE FILE Test FLB_HAVE_FORK succeeded with the following output:
Change Dir: /app/code/fluent-bit-1.2.0/build/CMakeFiles/CMakeTmp

Run Build Command:"/usr/bin/make" "cmTC_2cd95/fast"
/usr/bin/make -f CMakeFiles/cmTC_2cd95.dir/build.make CMakeFiles/cmTC_2cd95.dir/build
make[1]: Entering directory '/app/code/fluent-bit-1.2.0/build/CMakeFiles/CMakeTmp'
Building C object CMakeFiles/cmTC_2cd95.dir/src.c.o
/usr/bin/cc   -Wall -D__FILENAME__='"build/CMakeFiles/CMakeTmp/src.c"' -DFLB_HAVE_FORK -fPIE   -o CMakeFiles/cmTC_2cd95.dir/src.c.o   -c /app/code/fluent-bit-1.2.0/build/CMakeFiles/CMakeTmp/src.c
Linking C executable cmTC_2cd95
/usr/bin/cmake -E cmake_link_script CMakeFiles/cmTC_2cd95.dir/link.txt --verbose=1
/usr/bin/cc  -Wall -D__FILENAME__='"$(subst /app/code/fluent-bit-1.2.0/,,$(abspath $<))"' -DFLB_HAVE_FORK    -rdynamic CMakeFiles/cmTC_2cd95.dir/src.c.o  -o cmTC_2cd95 
make[1]: Leaving directory '/app/code/fluent-bit-1.2.0/build/CMakeFiles/CMakeTmp'

Source file was:

  #include <unistd.h>
  int main() {
     fork();
     return 0;
  }
Performing C SOURCE FILE Test FLB_HAVE_TIMESPEC_GET succeeded with the following output:
Change Dir: /app/code/fluent-bit-1.2.0/build/CMakeFiles/CMakeTmp

Run Build Command:"/usr/bin/make" "cmTC_c4bb1/fast"
/usr/bin/make -f CMakeFiles/cmTC_c4bb1.dir/build.make CMakeFiles/cmTC_c4bb1.dir/build
make[1]: Entering directory '/app/code/fluent-bit-1.2.0/build/CMakeFiles/CMakeTmp'
Building C object CMakeFiles/cmTC_c4bb1.dir/src.c.o
/usr/bin/cc   -Wall -D__FILENAME__='"build/CMakeFiles/CMakeTmp/src.c"' -DFLB_HAVE_TIMESPEC_GET -fPIE   -o CMakeFiles/cmTC_c4bb1.dir/src.c.o   -c /app/code/fluent-bit-1.2.0/build/CMakeFiles/CMakeTmp/src.c
/app/code/fluent-bit-1.2.0/build/CMakeFiles/CMakeTmp/src.c: In function ‘main’:
/app/code/fluent-bit-1.2.0/build/CMakeFiles/CMakeTmp/src.c:5:26: warning: passing argument 1 of ‘timespec_get’ from incompatible pointer type [-Wincompatible-pointer-types]
      return timespec_get(&tm, TIME_UTC);
                          ^
In file included from /app/code/fluent-bit-1.2.0/build/CMakeFiles/CMakeTmp/src.c:2:0:
/usr/include/time.h:263:12: note: expected ‘struct timespec *’ but argument is of type ‘struct tm *’
 extern int timespec_get (struct timespec *__ts, int __base)
            ^~~~~~~~~~~~
Linking C executable cmTC_c4bb1
/usr/bin/cmake -E cmake_link_script CMakeFiles/cmTC_c4bb1.dir/link.txt --verbose=1
/usr/bin/cc  -Wall -D__FILENAME__='"$(subst /app/code/fluent-bit-1.2.0/,,$(abspath $<))"' -DFLB_HAVE_TIMESPEC_GET    -rdynamic CMakeFiles/cmTC_c4bb1.dir/src.c.o  -o cmTC_c4bb1 
make[1]: Leaving directory '/app/code/fluent-bit-1.2.0/build/CMakeFiles/CMakeTmp'

Source file was:

  #include <time.h>
  int main() {
     struct tm tm;
     return timespec_get(&tm, TIME_UTC);
  }
Performing C SOURCE FILE Test FLB_HAVE_GMTOFF succeeded with the following output:
Change Dir: /app/code/fluent-bit-1.2.0/build/CMakeFiles/CMakeTmp

Run Build Command:"/usr/bin/make" "cmTC_15504/fast"
/usr/bin/make -f CMakeFiles/cmTC_15504.dir/build.make CMakeFiles/cmTC_15504.dir/build
make[1]: Entering directory '/app/code/fluent-bit-1.2.0/build/CMakeFiles/CMakeTmp'
Building C object CMakeFiles/cmTC_15504.dir/src.c.o
/usr/bin/cc   -Wall -D__FILENAME__='"build/CMakeFiles/CMakeTmp/src.c"' -DFLB_HAVE_GMTOFF -fPIE   -o CMakeFiles/cmTC_15504.dir/src.c.o   -c /app/code/fluent-bit-1.2.0/build/CMakeFiles/CMakeTmp/src.c
/app/code/fluent-bit-1.2.0/build/CMakeFiles/CMakeTmp/src.c: In function ‘main’:
/app/code/fluent-bit-1.2.0/build/CMakeFiles/CMakeTmp/src.c:4:16: warning: variable ‘tm’ set but not used [-Wunused-but-set-variable]
      struct tm tm;
                ^~
Linking C executable cmTC_15504
/usr/bin/cmake -E cmake_link_script CMakeFiles/cmTC_15504.dir/link.txt --verbose=1
/usr/bin/cc  -Wall -D__FILENAME__='"$(subst /app/code/fluent-bit-1.2.0/,,$(abspath $<))"' -DFLB_HAVE_GMTOFF    -rdynamic CMakeFiles/cmTC_15504.dir/src.c.o  -o cmTC_15504 
make[1]: Leaving directory '/app/code/fluent-bit-1.2.0/build/CMakeFiles/CMakeTmp'

Source file was:

  #include <time.h>
  int main() {
     struct tm tm;
     tm.tm_gmtoff = 0;
     return 0;
  }
Performing C SOURCE FILE Test FLB_HAVE_UNIX_SOCKET succeeded with the following output:
Change Dir: /app/code/fluent-bit-1.2.0/build/CMakeFiles/CMakeTmp

Run Build Command:"/usr/bin/make" "cmTC_14c06/fast"
/usr/bin/make -f CMakeFiles/cmTC_14c06.dir/build.make CMakeFiles/cmTC_14c06.dir/build
make[1]: Entering directory '/app/code/fluent-bit-1.2.0/build/CMakeFiles/CMakeTmp'
Building C object CMakeFiles/cmTC_14c06.dir/src.c.o
/usr/bin/cc   -Wall -D__FILENAME__='"build/CMakeFiles/CMakeTmp/src.c"' -DFLB_HAVE_UNIX_SOCKET -fPIE   -o CMakeFiles/cmTC_14c06.dir/src.c.o   -c /app/code/fluent-bit-1.2.0/build/CMakeFiles/CMakeTmp/src.c
/app/code/fluent-bit-1.2.0/build/CMakeFiles/CMakeTmp/src.c: In function ‘main’:
/app/code/fluent-bit-1.2.0/build/CMakeFiles/CMakeTmp/src.c:7:7: warning: implicit declaration of function ‘close’ [-Wimplicit-function-declaration]
       close(sock);
       ^~~~~
Linking C executable cmTC_14c06
/usr/bin/cmake -E cmake_link_script CMakeFiles/cmTC_14c06.dir/link.txt --verbose=1
/usr/bin/cc  -Wall -D__FILENAME__='"$(subst /app/code/fluent-bit-1.2.0/,,$(abspath $<))"' -DFLB_HAVE_UNIX_SOCKET    -rdynamic CMakeFiles/cmTC_14c06.dir/src.c.o  -o cmTC_14c06 
make[1]: Leaving directory '/app/code/fluent-bit-1.2.0/build/CMakeFiles/CMakeTmp'

Source file was:

  #include <sys/types.h>
  #include <sys/socket.h>
  int main() {
      int sock;
      sock = socket(AF_UNIX, SOCK_STREAM, 0);
      close(sock);
      return 0;
  }
Performing C SOURCE FILE Test FLB_HAVE_C_TLS succeeded with the following output:
Change Dir: /app/code/fluent-bit-1.2.0/build/CMakeFiles/CMakeTmp

Run Build Command:"/usr/bin/make" "cmTC_28dc4/fast"
/usr/bin/make -f CMakeFiles/cmTC_28dc4.dir/build.make CMakeFiles/cmTC_28dc4.dir/build
make[1]: Entering directory '/app/code/fluent-bit-1.2.0/build/CMakeFiles/CMakeTmp'
Building C object CMakeFiles/cmTC_28dc4.dir/src.c.o
/usr/bin/cc   -Wall -D__FILENAME__='"build/CMakeFiles/CMakeTmp/src.c"' -DFLB_HAVE_C_TLS -fPIE   -o CMakeFiles/cmTC_28dc4.dir/src.c.o   -c /app/code/fluent-bit-1.2.0/build/CMakeFiles/CMakeTmp/src.c
/app/code/fluent-bit-1.2.0/build/CMakeFiles/CMakeTmp/src.c: In function ‘main’:
/app/code/fluent-bit-1.2.0/build/CMakeFiles/CMakeTmp/src.c:4:8: warning: implicit declaration of function ‘__tls_get_addr’ [-Wimplicit-function-declaration]
        __tls_get_addr(0);
        ^~~~~~~~~~~~~~
Linking C executable cmTC_28dc4
/usr/bin/cmake -E cmake_link_script CMakeFiles/cmTC_28dc4.dir/link.txt --verbose=1
/usr/bin/cc  -Wall -D__FILENAME__='"$(subst /app/code/fluent-bit-1.2.0/,,$(abspath $<))"' -DFLB_HAVE_C_TLS    -rdynamic CMakeFiles/cmTC_28dc4.dir/src.c.o  -o cmTC_28dc4 
make[1]: Leaving directory '/app/code/fluent-bit-1.2.0/build/CMakeFiles/CMakeTmp'

Source file was:

   __thread int a;
   int main() {
       __tls_get_addr(0);
       return 0;
   }
Performing C SOURCE FILE Test FLB_HAVE_ACCEPT4 succeeded with the following output:
Change Dir: /app/code/fluent-bit-1.2.0/build/CMakeFiles/CMakeTmp

Run Build Command:"/usr/bin/make" "cmTC_91730/fast"
/usr/bin/make -f CMakeFiles/cmTC_91730.dir/build.make CMakeFiles/cmTC_91730.dir/build
make[1]: Entering directory '/app/code/fluent-bit-1.2.0/build/CMakeFiles/CMakeTmp'
Building C object CMakeFiles/cmTC_91730.dir/src.c.o
/usr/bin/cc   -Wall -D__FILENAME__='"build/CMakeFiles/CMakeTmp/src.c"' -DFLB_HAVE_ACCEPT4 -fPIE   -o CMakeFiles/cmTC_91730.dir/src.c.o   -c /app/code/fluent-bit-1.2.0/build/CMakeFiles/CMakeTmp/src.c
Linking C executable cmTC_91730
/usr/bin/cmake -E cmake_link_script CMakeFiles/cmTC_91730.dir/link.txt --verbose=1
/usr/bin/cc  -Wall -D__FILENAME__='"$(subst /app/code/fluent-bit-1.2.0/,,$(abspath $<))"' -DFLB_HAVE_ACCEPT4    -rdynamic CMakeFiles/cmTC_91730.dir/src.c.o  -o cmTC_91730 
make[1]: Leaving directory '/app/code/fluent-bit-1.2.0/build/CMakeFiles/CMakeTmp'

Source file was:

    #define _GNU_SOURCE
    #include <stdio.h>
    #include <sys/socket.h>
    int main() {
        accept4(0, NULL, NULL, 0);
        return 0;
    }
Performing C SOURCE FILE Test FLB_HAVE_INOTIFY succeeded with the following output:
Change Dir: /app/code/fluent-bit-1.2.0/build/CMakeFiles/CMakeTmp

Run Build Command:"/usr/bin/make" "cmTC_8571d/fast"
/usr/bin/make -f CMakeFiles/cmTC_8571d.dir/build.make CMakeFiles/cmTC_8571d.dir/build
make[1]: Entering directory '/app/code/fluent-bit-1.2.0/build/CMakeFiles/CMakeTmp'
Building C object CMakeFiles/cmTC_8571d.dir/src.c.o
/usr/bin/cc   -Wall -D__FILENAME__='"build/CMakeFiles/CMakeTmp/src.c"' -DFLB_HAVE_INOTIFY -fPIE   -o CMakeFiles/cmTC_8571d.dir/src.c.o   -c /app/code/fluent-bit-1.2.0/build/CMakeFiles/CMakeTmp/src.c
Linking C executable cmTC_8571d
/usr/bin/cmake -E cmake_link_script CMakeFiles/cmTC_8571d.dir/link.txt --verbose=1
/usr/bin/cc  -Wall -D__FILENAME__='"$(subst /app/code/fluent-bit-1.2.0/,,$(abspath $<))"' -DFLB_HAVE_INOTIFY    -rdynamic CMakeFiles/cmTC_8571d.dir/src.c.o  -o cmTC_8571d 
make[1]: Leaving directory '/app/code/fluent-bit-1.2.0/build/CMakeFiles/CMakeTmp'

Source file was:

    #include <sys/inotify.h>
    int main() {
        return inotify_init1(0);
    }
Determining if the include file execinfo.h exists passed with the following output:
Change Dir: /app/code/fluent-bit-1.2.0/build/CMakeFiles/CMakeTmp

Run Build Command:"/usr/bin/make" "cmTC_bde23/fast"
/usr/bin/make -f CMakeFiles/cmTC_bde23.dir/build.make CMakeFiles/cmTC_bde23.dir/build
make[1]: Entering directory '/app/code/fluent-bit-1.2.0/build/CMakeFiles/CMakeTmp'
Building C object CMakeFiles/cmTC_bde23.dir/CheckIncludeFile.c.o
/usr/bin/cc   -Wall -D__FILENAME__='"build/CMakeFiles/CMakeTmp/CheckIncludeFile.c"' -std=gnu99 -Wall -Wextra -D__FILENAME__='"build/CMakeFiles/CMakeTmp/CheckIncludeFile.c"'  -fPIE   -o CMakeFiles/cmTC_bde23.dir/CheckIncludeFile.c.o   -c /app/code/fluent-bit-1.2.0/build/CMakeFiles/CMakeTmp/CheckIncludeFile.c
Linking C executable cmTC_bde23
/usr/bin/cmake -E cmake_link_script CMakeFiles/cmTC_bde23.dir/link.txt --verbose=1
/usr/bin/cc  -Wall -D__FILENAME__='"$(subst /app/code/fluent-bit-1.2.0/,,$(abspath $<))"' -std=gnu99 -Wall -Wextra -D__FILENAME__='"$(subst /app/code/fluent-bit-1.2.0/,,$(abspath $<))"'     -rdynamic CMakeFiles/cmTC_bde23.dir/CheckIncludeFile.c.o  -o cmTC_bde23 
make[1]: Leaving directory '/app/code/fluent-bit-1.2.0/build/CMakeFiles/CMakeTmp'


Performing C SOURCE FILE Test HAVE_C_TLS succeeded with the following output:
Change Dir: /app/code/fluent-bit-1.2.0/build/CMakeFiles/CMakeTmp

Run Build Command:"/usr/bin/make" "cmTC_34cb5/fast"
/usr/bin/make -f CMakeFiles/cmTC_34cb5.dir/build.make CMakeFiles/cmTC_34cb5.dir/build
make[1]: Entering directory '/app/code/fluent-bit-1.2.0/build/CMakeFiles/CMakeTmp'
Building C object CMakeFiles/cmTC_34cb5.dir/src.c.o
/usr/bin/cc   -Wall -D__FILENAME__='"build/CMakeFiles/CMakeTmp/src.c"' -std=gnu99 -Wall -Wextra -D__FILENAME__='"build/CMakeFiles/CMakeTmp/src.c"' -DHAVE_C_TLS -fPIE   -o CMakeFiles/cmTC_34cb5.dir/src.c.o   -c /app/code/fluent-bit-1.2.0/build/CMakeFiles/CMakeTmp/src.c
/app/code/fluent-bit-1.2.0/build/CMakeFiles/CMakeTmp/src.c: In function ‘main’:
/app/code/fluent-bit-1.2.0/build/CMakeFiles/CMakeTmp/src.c:4:8: warning: implicit declaration of function ‘__tls_get_addr’ [-Wimplicit-function-declaration]
        __tls_get_addr(0);
        ^~~~~~~~~~~~~~
Linking C executable cmTC_34cb5
/usr/bin/cmake -E cmake_link_script CMakeFiles/cmTC_34cb5.dir/link.txt --verbose=1
/usr/bin/cc  -Wall -D__FILENAME__='"$(subst /app/code/fluent-bit-1.2.0/,,$(abspath $<))"' -std=gnu99 -Wall -Wextra -D__FILENAME__='"$(subst /app/code/fluent-bit-1.2.0/,,$(abspath $<))"' -DHAVE_C_TLS    -rdynamic CMakeFiles/cmTC_34cb5.dir/src.c.o  -o cmTC_34cb5 
make[1]: Leaving directory '/app/code/fluent-bit-1.2.0/build/CMakeFiles/CMakeTmp'

Source file was:

   __thread int a;
   int main() {
       __tls_get_addr(0);
       return 0;
   }
Performing C SOURCE FILE Test HAVE_SPLICE succeeded with the following output:
Change Dir: /app/code/fluent-bit-1.2.0/build/CMakeFiles/CMakeTmp

Run Build Command:"/usr/bin/make" "cmTC_30864/fast"
/usr/bin/make -f CMakeFiles/cmTC_30864.dir/build.make CMakeFiles/cmTC_30864.dir/build
make[1]: Entering directory '/app/code/fluent-bit-1.2.0/build/CMakeFiles/CMakeTmp'
Building C object CMakeFiles/cmTC_30864.dir/src.c.o
/usr/bin/cc   -Wall -D__FILENAME__='"build/CMakeFiles/CMakeTmp/src.c"' -std=gnu99 -Wall -Wextra -D__FILENAME__='"build/CMakeFiles/CMakeTmp/src.c"' -DHAVE_SPLICE -fPIE   -o CMakeFiles/cmTC_30864.dir/src.c.o   -c /app/code/fluent-bit-1.2.0/build/CMakeFiles/CMakeTmp/src.c
Linking C executable cmTC_30864
/usr/bin/cmake -E cmake_link_script CMakeFiles/cmTC_30864.dir/link.txt --verbose=1
/usr/bin/cc  -Wall -D__FILENAME__='"$(subst /app/code/fluent-bit-1.2.0/,,$(abspath $<))"' -std=gnu99 -Wall -Wextra -D__FILENAME__='"$(subst /app/code/fluent-bit-1.2.0/,,$(abspath $<))"' -DHAVE_SPLICE    -rdynamic CMakeFiles/cmTC_30864.dir/src.c.o  -o cmTC_30864 
make[1]: Leaving directory '/app/code/fluent-bit-1.2.0/build/CMakeFiles/CMakeTmp'

Source file was:

  #define _GNU_SOURCE
  #include <stdio.h>
  #include <fcntl.h>
  int main() {
     return splice(0, NULL, 1,
            NULL, 1, SPLICE_F_MOVE);
  }
